--------------------------------------------------------------------------------
      name:  master
       log:  /Users/mollymking/Documents/SocResearch/Dissertation/redi/redi00_ma
> ster.log
  log type:  text
 opened on:  15 Oct 2021, 10:15:59

. 
. set more off

. 
. ** Master REDI Method Do File ***
. 
. //      project:        REDI Methodology Paper
. 
. //  task:               Master file to rerun sequence of do-files to reproduce
>  all work
. //                              related to REDI Method Paper
. //                              This will run all files in folder: redi
. 
. //  program:    redi00_master.do
. //      log:            redi00_master.log
. 
. //  github:             dissertation_code
. //  OSF:                https://osf.io/qmhe8/
. 
. //  author:             Molly King
. 
. display "$S_DATE  $S_TIME"
15 Oct 2021  10:15:59

. ***--------------------------***
. 
. // CHANGE DIRECTORIES to local files to run replication code:
. 
. global redi     "~/Documents/SocResearch/Dissertation/redi"                   
>           // where all replication .do files stored       

. 
. *Data
. global source   "~/Documents/SocResearch/Dissertation/data/data_sorc"   // ori
> ginal datasets (ACS, CPS ASEC)

. global extr     "~/Documents/SocResearch/Dissertation/data/data_extr"   // ext
> racted datasets - a file to extract original data

. global temp             "~/Documents/SocResearch/Dissertation/data/data_temp" 
>   // temporary datasets - an empty file to store temporary data

. global deriv    "~/Documents/SocResearch/Dissertation/data/data_derv"   // der
> ived datasets - a file to store final data

. 
. * remove comment to run all files, or comment-out one at a time
. /*
> ***--------------------------***
> // 01 IMPORT, EXTRACTION, CLEAN 
> ***--------------------------***
> 
> *do $redi/redi01_CPI-U-RS.do                            // Import and extract 
> CPI-U-RS inflation index, calculate year adjustment
> *do $redi/redi01_ASEC_import.do                         // Import and extract 
> CPS ASEC
> do $redi/redi01_ACS_import.do                           // Import and extract 
> ACS
> 
> ***--------------------------***
> // 02-03 REDI METHOD
> ***--------------------------***
> 
> do $redi/redi02_ACS_bins.do                                     // Create ACS 
> artificial data bins
> do $redi/redi03_ACS_convert.do                          // Convert bins back t
> o continuous income, inflate 2016 incomes to 2017 dollar values
> 
> ***--------------------------***
> // 04-07 DESCRIPTIVES 
> ***--------------------------***
> 
> do $redi/redi04_ACS_descriptives.do                     // Descriptive data ta
> bles of original continuous ACS Variables (research dataset)
> do $redi/redi05_ASEC_bins.do                            // Create ASEC artific
> ial data bins for comparison
> do $redi/redi06_ASEC_descriptives.do            // Descriptive data tables of 
> original CPS ASEC Variables
> do $redi/redi07_REDI_descriptives.do            // Descriptive data tables of 
> continuous REDI-created Variables
> 
> ***--------------------------***
> // 08-10 DISTRIBUTIONS
> ***--------------------------***
> do $redi/redi08_ACS_ASEC_distrib_match.do       // Compare binned distribution
> s of ACS and CPS ASEC
> do $redi/redi09_REDI_ACS_distrib_match.do       // Compare continuous distribu
> tions from original ACS & REDI
> do $redi/redi10_REDI_summary_stats.do           // Summary Statistics of conti
> nuous REDI-created variables, optionally replicated x times
> *do $redi/redi10a_REDI_reps_append.do           // Append x replications of da
> ta produced in redi10 - only for proof-of-concept
> 
> ***--------------------------***
> // 11-12 REGRESSIONS
> ***--------------------------***
> 
> do $redi/redi11_ASEC_regressions.do             // Regression of original cont
> inuous CPS ASEC variables
> do $redi/redi12_REDI_regressions.do             // Regressions of original ASE
> C variables and new continuous REDI-created income
> 
> ***--------------------------***
> // 13 REGRESSION EXAMPLE USING INDIVIDUAL STATES
> ***--------------------------***
> 
> do $redi/redi13_REDI_state_demvars.do           // Create demographic variable
> s for state data
> do $redi/redi13_REDI_state_dataprep.do          // Create REDI-generated incom
> e and artificial ACS bins
> do $redi/redi13_REDI_state_regressions.do       // Run regressions for another
>  example using 2019 and a single state
> 
> 
> ***--------------------------***
> // 20-22 ALTERNATIVE METHODS
> ***--------------------------***
> 
> do $redi/redi20_ACS_rpme.do                                     // RPME method
>  of describing ACS
> do $redi/redi21_ACS_cdf.do                                      // CDF method 
> of describing ACS
> do $redi/redi22_ACS_mgbe.do                                     // MGBE method
>  of describing ACS
> 
> 
> ***--------------------------***
> */
. log close master
      name:  master
       log:  /Users/mollymking/Documents/SocResearch/Dissertation/redi/redi00_ma
> ster.log
  log type:  text
 closed on:  15 Oct 2021, 10:15:59
--------------------------------------------------------------------------------
