--------------------------------------------------------------------------------
      name:  CPIURS
       log:  /Users/mollymking/Documents/SocResearch/Dissertation/redi/redi01_CP
> I-U-RS.log
  log type:  text
 opened on:  28 Aug 2020, 22:28:25

. 
. //      project:        REDI Methodology Paper
. 
. //  task:       Convert continuous income variables to same year dollar values
. //                              in this case, using 2017 as conversion year
. //  data:               CPI-U-RS, available: https://www.bls.gov/cpi/cpiurs.ht
> m
. 
. //  github:     redi
. //  OSF:                https://osf.io/qmhe8/
. 
. //  author:     Molly King
. 
. 
. display "$S_DATE  $S_TIME"
28 Aug 2020  22:28:25

. 
. ***--------------------------***
. // PROGRAM SETUP
. ***--------------------------***
. 
. version 16 // keeps program consistent for future replications

. set linesize 80

. clear all

. set more off

. 
. ***--------------------------***
. // IMPORT DATA
. ***--------------------------***
. 
. cd $source/00_CPI-U-RS/
/Users/mollymking/Documents/SocResearch/Dissertation/data/data_sorc/00_CPI-U-RS

. import excel "allitems.xlsx", ///
>         sheet("All Items_SA") /// tab for seasonally adjusted
>         cellrange(A7:N49) firstrow
(14 vars, 42 obs)

. 
. cd $deriv
/Users/mollymking/Documents/SocResearch/Dissertation/data/data_derv

. save "redi01_CPI-U-RS.dta", replace
file redi01_CPI-U-RS.dta saved

. 
. 
. ***--------------------------**
. // CLEAN DATA
. ***--------------------------***
. 
. drop if YEAR == .
(0 observations deleted)

. drop N 

. drop if YEAR == 1977
(1 observation deleted)

. keep YEAR AVG

. 
. rename YEAR year

. rename AVG cpi_avg

. label var cpi_avg "CPI-R-US all items average cost price inflator"

. 
. 
. ***--------------------------**
. // CREATE CONVERSION FACTOR
. ***--------------------------***
. 
. local avg_2017 = 361.0

. di `avg_2017'   
361

. 
. gen conv_factor_2017 = .
(41 missing values generated)

. replace conv_factor_2017 = cpi_avg / `avg_2017'
(41 real changes made)

. 
. label var conv_factor_2017 "Conversion factor - to convert to $2017, divide by
>  conv_factor"

. 
. 
. ***--------------------------**
. // LABEL AND SAVE DATA
. ***--------------------------***
. 
. label data "CPI-U-RS year and inflation data"

. notes: redi_01_CPI-U-RS.dta \ CPI-U-RS Year and Inflation Data, 1978-2018  \ r
> edi_01_CPI-U-RS.do mmk $DATE

. compress
  (0 bytes saved)

. datasignature set, reset
  41:3(16186):4071002051:2819319935       (data signature set)

. save, replace
file redi01_CPI-U-RS.dta saved

. 
. log close CPIURS
      name:  CPIURS
       log:  /Users/mollymking/Documents/SocResearch/Dissertation/redi/redi01_CP
> I-U-RS.log
  log type:  text
 closed on:  28 Aug 2020, 22:28:25
--------------------------------------------------------------------------------
