--------------------------------------------------------------------------------
      name:  redi_to_run_program
       log:  /Users/mmking/Documents/SocResearch/redi/redi_code/redi_package/red
> i_to_run_program.log
  log type:  text
 opened on:   4 Feb 2022, 12:07:23

. display "$S_DATE  $S_TIME"
 4 Feb 2022  12:07:23

. 
. ***--------------------------***
. // # PROGRAM SETUP
. ***--------------------------***
. 
. version 16 // keeps program consistent for future replications

. set linesize 80

. clear all

. set more off

. set seed 1

. 
. ***--------------------------***
. // # RANDOM SAMPLE OF ACS 2019 for TESTING
. ***--------------------------***
. /*
> use $deriv/redi13_ACS2019.dta, clear
> gen random = runiform()
> sort hhincome_acs random
> by hhincome_acs: gen group = ceil(10* _n/_N)
> keep if group == 1
> drop random group
> save $deriv/redi13_ACS2019sample.dta, replace
> */
. ***--------------------------***
. // # RUN REDI.ADO PROGRAM ON 2019 California DATA
. ***--------------------------***
. 
. use $deriv/redi13_ACS2019sample.dta, clear
(Streamlined ACS data, 2019)

. 
. *for debugging:
. noisily

. *set trace on 
. program drop _all

. discard

. 
. use $deriv/redi13_ACS2019sample.dta, clear
(Streamlined ACS data, 2019)

. cd $redi/redi_package/
/Users/mmking/Documents/SocResearch/redi/redi_code/redi_package

. drop repwt* cluster strata perwt hhwt   pernum // for debugging, simplify

. *health migrate labforce hispan marst race sex  asecwt  asecwth  ownershp
. 
. redi acs_hhinc year, ///
>         generate(ca_redi_inc19) cpstype(household)  inflationyear(1997)
file /var/folders/p5/4pbm3kvx22d9qc1mqdft2symrmksfh/T//S_19315.000001 saved
(Streamlined CPS ASEC data, CA 2019)
(0 observations deleted)

      pweight: asecwth
          VCE: linearized
  Single unit: missing
     Strata 1: <one>
         SU 1: <observations>
        FPC 1: <zero>
  (0 bytes saved)
file /var/folders/p5/4pbm3kvx22d9qc1mqdft2symrmksfh/T//S_19315.000002 saved
Income type set as  income; Calculating household income using hhincome CPS-ASEC
>  variable.
Inflation year is 1997
Get data: Inflation year is 1997
(14 vars, 43 obs)
(note: file /var/folders/p5/4pbm3kvx22d9qc1mqdft2symrmksfh/T//S_19315.000003 not
>  found)
file /var/folders/p5/4pbm3kvx22d9qc1mqdft2symrmksfh/T//S_19315.000003 saved
(42 observations deleted)
236.3
(43 missing values generated)
(42 real changes made)
file /var/folders/p5/4pbm3kvx22d9qc1mqdft2symrmksfh/T//S_19315.000003 saved
(Streamlined ACS data, 2019)
1 2 3 4 5 6 7 8 9
The income levels are: 1 2 3 4 5 6 7 8 9
(note: file /var/folders/p5/4pbm3kvx22d9qc1mqdft2symrmksfh/T//S_19315.000004 not
>  found)
file /var/folders/p5/4pbm3kvx22d9qc1mqdft2symrmksfh/T//S_19315.000004 saved
2019
Create local variable years to loop within that income level - values:2019
(Streamlined ACS data, 2019)
(292,104 observations deleted)
The current inc_level is: 1
The inc_level 1 is at the lowest end of the original Research dataset income ran
> ge
inc_decoded: characters L e s space t h a n $ removed; acs_hhinc_ub generated as
>  int
Lower bound of -100,000 created for inc_level 1
(0 observations deleted)
(note: file /var/folders/p5/4pbm3kvx22d9qc1mqdft2symrmksfh/T//S_19315.000005 not
>  found)
file /var/folders/p5/4pbm3kvx22d9qc1mqdft2symrmksfh/T//S_19315.000005 saved
Saved tempfile with upper and lower bounds of research data income levels
(Streamlined CPS ASEC data, CA 2019)
Reference data open - Income type set as acs_hhinc income
(5,679 observations deleted)
Observation number generated
(note: file /var/folders/p5/4pbm3kvx22d9qc1mqdft2symrmksfh/T//S_19315.000006 not
>  found)
file /var/folders/p5/4pbm3kvx22d9qc1mqdft2symrmksfh/T//S_19315.000006 saved
Ref to keep income between $-100000 and $15000 for 2019 year.
number of observations (_N) was 0, now 18,327

    Result                           # of obs.
    -----------------------------------------
    not matched                             0
    matched                            18,327  
    -----------------------------------------
file /var/folders/p5/4pbm3kvx22d9qc1mqdft2symrmksfh/T//S_19315.000006 saved
(label statefip_lbl already defined)

    Result                           # of obs.
    -----------------------------------------
    not matched                             0

    matched                             1,699
        not updated                     1,699  (_merge==3)
        missing updated                     0  (_merge==4)
        nonmissing conflict                 0  (_merge==5)
    -----------------------------------------
Merged ASEC values with original Research dataset for inc_level 1 ($-100000-1500
> 0) and year 2019.
(1,699 missing values generated)
(1,699 real changes made)
(note: file /var/folders/p5/4pbm3kvx22d9qc1mqdft2symrmksfh/T//S_19315.000007 not
>  found)
file /var/folders/p5/4pbm3kvx22d9qc1mqdft2symrmksfh/T//S_19315.000007 saved
Saved REDI data (with continuous data) for inc_level 1 ($-100000-15000) and year
>  2019 in file
(Streamlined ACS data, 2019)
(292,683 observations deleted)
The current inc_level is: 2
The inc_level 2 has a lower and an upper level
variables born as string: 
inc_decoded1  inc_decoded2
inc_decoded1: character space removed; replaced as int
inc_decoded2: character space removed; replaced as int
Lower bound of acs_hhinc_lb and upper bound of acs_hhinc_ub created for inc_leve
> l 2of the original Research dataset income range
(0 observations deleted)
(note: file /var/folders/p5/4pbm3kvx22d9qc1mqdft2symrmksfh/T//S_19315.000008 not
>  found)
file /var/folders/p5/4pbm3kvx22d9qc1mqdft2symrmksfh/T//S_19315.000008 saved
Saved tempfile with upper and lower bounds of research data income levels
(Streamlined CPS ASEC data, CA 2019)
Reference data open - Income type set as acs_hhinc income
(5,775 observations deleted)
Observation number generated
(note: file /var/folders/p5/4pbm3kvx22d9qc1mqdft2symrmksfh/T//S_19315.000009 not
>  found)
file /var/folders/p5/4pbm3kvx22d9qc1mqdft2symrmksfh/T//S_19315.000009 saved
Ref to keep income between $15000 and $25000 for 2019 year.
number of observations (_N) was 0, now 17,748

    Result                           # of obs.
    -----------------------------------------
    not matched                             0
    matched                            17,748  
    -----------------------------------------
file /var/folders/p5/4pbm3kvx22d9qc1mqdft2symrmksfh/T//S_19315.000009 saved
(label statefip_lbl already defined)

    Result                           # of obs.
    -----------------------------------------
    not matched                             0

    matched                             1,649
        not updated                     1,649  (_merge==3)
        missing updated                     0  (_merge==4)
        nonmissing conflict                 0  (_merge==5)
    -----------------------------------------
Merged ASEC values with original Research dataset for inc_level 2 ($15000-25000)
>  and year 2019.
(1,649 missing values generated)
(1,649 real changes made)
(note: file /var/folders/p5/4pbm3kvx22d9qc1mqdft2symrmksfh/T//S_19315.00000a not
>  found)
file /var/folders/p5/4pbm3kvx22d9qc1mqdft2symrmksfh/T//S_19315.00000a saved
Saved REDI data (with continuous data) for inc_level 2 ($15000-25000) and year 2
> 019 in file
(Streamlined ACS data, 2019)
(290,380 observations deleted)
The current inc_level is: 3
The inc_level 3 has a lower and an upper level
variables born as string: 
inc_decoded1  inc_decoded2
inc_decoded1: character space removed; replaced as int
inc_decoded2: character space removed; replaced as long
Lower bound of acs_hhinc_lb and upper bound of acs_hhinc_ub created for inc_leve
> l 3of the original Research dataset income range
(0 observations deleted)
(note: file /var/folders/p5/4pbm3kvx22d9qc1mqdft2symrmksfh/T//S_19315.00000b not
>  found)
file /var/folders/p5/4pbm3kvx22d9qc1mqdft2symrmksfh/T//S_19315.00000b saved
Saved tempfile with upper and lower bounds of research data income levels
(Streamlined CPS ASEC data, CA 2019)
Reference data open - Income type set as acs_hhinc income
(5,714 observations deleted)
Observation number generated
(note: file /var/folders/p5/4pbm3kvx22d9qc1mqdft2symrmksfh/T//S_19315.00000c not
>  found)
file /var/folders/p5/4pbm3kvx22d9qc1mqdft2symrmksfh/T//S_19315.00000c saved
Ref to keep income between $25000 and $35000 for 2019 year.
number of observations (_N) was 0, now 20,051

    Result                           # of obs.
    -----------------------------------------
    not matched                             0
    matched                            20,051  
    -----------------------------------------
file /var/folders/p5/4pbm3kvx22d9qc1mqdft2symrmksfh/T//S_19315.00000c saved
(label statefip_lbl already defined)

    Result                           # of obs.
    -----------------------------------------
    not matched                             0

    matched                             1,908
        not updated                     1,908  (_merge==3)
        missing updated                     0  (_merge==4)
        nonmissing conflict                 0  (_merge==5)
    -----------------------------------------
Merged ASEC values with original Research dataset for inc_level 3 ($25000-35000)
>  and year 2019.
(1,908 missing values generated)
(1,908 real changes made)
(note: file /var/folders/p5/4pbm3kvx22d9qc1mqdft2symrmksfh/T//S_19315.00000d not
>  found)
file /var/folders/p5/4pbm3kvx22d9qc1mqdft2symrmksfh/T//S_19315.00000d saved
Saved REDI data (with continuous data) for inc_level 3 ($25000-35000) and year 2
> 019 in file
(Streamlined ACS data, 2019)
(277,852 observations deleted)
The current inc_level is: 4
The inc_level 4 has a lower and an upper level
variables born as string: 
inc_decoded1  inc_decoded2
inc_decoded1: character space removed; replaced as long
inc_decoded2: character space removed; replaced as long
Lower bound of acs_hhinc_lb and upper bound of acs_hhinc_ub created for inc_leve
> l 4of the original Research dataset income range
(0 observations deleted)
(note: file /var/folders/p5/4pbm3kvx22d9qc1mqdft2symrmksfh/T//S_19315.00000e not
>  found)
file /var/folders/p5/4pbm3kvx22d9qc1mqdft2symrmksfh/T//S_19315.00000e saved
Saved tempfile with upper and lower bounds of research data income levels
(Streamlined CPS ASEC data, CA 2019)
Reference data open - Income type set as acs_hhinc income
(5,519 observations deleted)
Observation number generated
(note: file /var/folders/p5/4pbm3kvx22d9qc1mqdft2symrmksfh/T//S_19315.00000f not
>  found)
file /var/folders/p5/4pbm3kvx22d9qc1mqdft2symrmksfh/T//S_19315.00000f saved
Ref to keep income between $35000 and $50000 for 2019 year.
number of observations (_N) was 0, now 32,579

    Result                           # of obs.
    -----------------------------------------
    not matched                             0
    matched                            32,579  
    -----------------------------------------
file /var/folders/p5/4pbm3kvx22d9qc1mqdft2symrmksfh/T//S_19315.00000f saved
(label statefip_lbl already defined)

    Result                           # of obs.
    -----------------------------------------
    not matched                             0

    matched                             3,177
        not updated                     3,177  (_merge==3)
        missing updated                     0  (_merge==4)
        nonmissing conflict                 0  (_merge==5)
    -----------------------------------------
Merged ASEC values with original Research dataset for inc_level 4 ($35000-50000)
>  and year 2019.
(3,177 missing values generated)
(3,177 real changes made)
(note: file /var/folders/p5/4pbm3kvx22d9qc1mqdft2symrmksfh/T//S_19315.00000g not
>  found)
file /var/folders/p5/4pbm3kvx22d9qc1mqdft2symrmksfh/T//S_19315.00000g saved
Saved REDI data (with continuous data) for inc_level 4 ($35000-50000) and year 2
> 019 in file
(Streamlined ACS data, 2019)
(259,396 observations deleted)
The current inc_level is: 5
The inc_level 5 has a lower and an upper level
variables born as string: 
inc_decoded1  inc_decoded2
inc_decoded1: character space removed; replaced as long
inc_decoded2: character space removed; replaced as long
Lower bound of acs_hhinc_lb and upper bound of acs_hhinc_ub created for inc_leve
> l 5of the original Research dataset income range
(0 observations deleted)
(note: file /var/folders/p5/4pbm3kvx22d9qc1mqdft2symrmksfh/T//S_19315.00000h not
>  found)
file /var/folders/p5/4pbm3kvx22d9qc1mqdft2symrmksfh/T//S_19315.00000h saved
Saved tempfile with upper and lower bounds of research data income levels
(Streamlined CPS ASEC data, CA 2019)
Reference data open - Income type set as acs_hhinc income
(5,240 observations deleted)
Observation number generated
(note: file /var/folders/p5/4pbm3kvx22d9qc1mqdft2symrmksfh/T//S_19315.00000i not
>  found)
file /var/folders/p5/4pbm3kvx22d9qc1mqdft2symrmksfh/T//S_19315.00000i saved
Ref to keep income between $50000 and $75000 for 2019 year.
number of observations (_N) was 0, now 51,035

    Result                           # of obs.
    -----------------------------------------
    not matched                             0
    matched                            51,035  
    -----------------------------------------
file /var/folders/p5/4pbm3kvx22d9qc1mqdft2symrmksfh/T//S_19315.00000i saved
(label statefip_lbl already defined)

    Result                           # of obs.
    -----------------------------------------
    not matched                             0

    matched                             5,220
        not updated                     5,220  (_merge==3)
        missing updated                     0  (_merge==4)
        nonmissing conflict                 0  (_merge==5)
    -----------------------------------------
Merged ASEC values with original Research dataset for inc_level 5 ($50000-75000)
>  and year 2019.
(5,220 missing values generated)
(5,220 real changes made)
(note: file /var/folders/p5/4pbm3kvx22d9qc1mqdft2symrmksfh/T//S_19315.00000j not
>  found)
file /var/folders/p5/4pbm3kvx22d9qc1mqdft2symrmksfh/T//S_19315.00000j saved
Saved REDI data (with continuous data) for inc_level 5 ($50000-75000) and year 2
> 019 in file
(Streamlined ACS data, 2019)
(267,103 observations deleted)
The current inc_level is: 6
The inc_level 6 has a lower and an upper level
variables born as string: 
inc_decoded1  inc_decoded2
inc_decoded1: character space removed; replaced as long
inc_decoded2: character space removed; replaced as long
Lower bound of acs_hhinc_lb and upper bound of acs_hhinc_ub created for inc_leve
> l 6of the original Research dataset income range
(0 observations deleted)
(note: file /var/folders/p5/4pbm3kvx22d9qc1mqdft2symrmksfh/T//S_19315.00000k not
>  found)
file /var/folders/p5/4pbm3kvx22d9qc1mqdft2symrmksfh/T//S_19315.00000k saved
Saved tempfile with upper and lower bounds of research data income levels
(Streamlined CPS ASEC data, CA 2019)
Reference data open - Income type set as acs_hhinc income
(5,434 observations deleted)
Observation number generated
(note: file /var/folders/p5/4pbm3kvx22d9qc1mqdft2symrmksfh/T//S_19315.00000l not
>  found)
file /var/folders/p5/4pbm3kvx22d9qc1mqdft2symrmksfh/T//S_19315.00000l saved
Ref to keep income between $75000 and $100000 for 2019 year.
number of observations (_N) was 0, now 43,328

    Result                           # of obs.
    -----------------------------------------
    not matched                             0
    matched                            43,328  
    -----------------------------------------
file /var/folders/p5/4pbm3kvx22d9qc1mqdft2symrmksfh/T//S_19315.00000l saved
(label statefip_lbl already defined)

    Result                           # of obs.
    -----------------------------------------
    not matched                             0

    matched                             4,718
        not updated                     4,718  (_merge==3)
        missing updated                     0  (_merge==4)
        nonmissing conflict                 0  (_merge==5)
    -----------------------------------------
Merged ASEC values with original Research dataset for inc_level 6 ($75000-100000
> ) and year 2019.
(4,718 missing values generated)
(4,718 real changes made)
(note: file /var/folders/p5/4pbm3kvx22d9qc1mqdft2symrmksfh/T//S_19315.00000m not
>  found)
file /var/folders/p5/4pbm3kvx22d9qc1mqdft2symrmksfh/T//S_19315.00000m saved
Saved REDI data (with continuous data) for inc_level 6 ($75000-100000) and year 
> 2019 in file
(Streamlined ACS data, 2019)
(255,098 observations deleted)
The current inc_level is: 7
The inc_level 7 has a lower and an upper level
variables born as string: 
inc_decoded1  inc_decoded2
inc_decoded1: character space removed; replaced as long
inc_decoded2: character space removed; replaced as long
Lower bound of acs_hhinc_lb and upper bound of acs_hhinc_ub created for inc_leve
> l 7of the original Research dataset income range
(0 observations deleted)
(note: file /var/folders/p5/4pbm3kvx22d9qc1mqdft2symrmksfh/T//S_19315.00000n not
>  found)
file /var/folders/p5/4pbm3kvx22d9qc1mqdft2symrmksfh/T//S_19315.00000n saved
Saved tempfile with upper and lower bounds of research data income levels
(Streamlined CPS ASEC data, CA 2019)
Reference data open - Income type set as acs_hhinc income
(5,295 observations deleted)
Observation number generated
(note: file /var/folders/p5/4pbm3kvx22d9qc1mqdft2symrmksfh/T//S_19315.00000o not
>  found)
file /var/folders/p5/4pbm3kvx22d9qc1mqdft2symrmksfh/T//S_19315.00000o saved
Ref to keep income between $100000 and $150000 for 2019 year.
number of observations (_N) was 0, now 55,333

    Result                           # of obs.
    -----------------------------------------
    not matched                             0
    matched                            55,333  
    -----------------------------------------
file /var/folders/p5/4pbm3kvx22d9qc1mqdft2symrmksfh/T//S_19315.00000o saved
(label statefip_lbl already defined)

    Result                           # of obs.
    -----------------------------------------
    not matched                             0

    matched                             6,848
        not updated                     6,848  (_merge==3)
        missing updated                     0  (_merge==4)
        nonmissing conflict                 0  (_merge==5)
    -----------------------------------------
Merged ASEC values with original Research dataset for inc_level 7 ($100000-15000
> 0) and year 2019.
(6,848 missing values generated)
(6,848 real changes made)
(note: file /var/folders/p5/4pbm3kvx22d9qc1mqdft2symrmksfh/T//S_19315.00000p not
>  found)
file /var/folders/p5/4pbm3kvx22d9qc1mqdft2symrmksfh/T//S_19315.00000p saved
Saved REDI data (with continuous data) for inc_level 7 ($100000-150000) and year
>  2019 in file
(Streamlined ACS data, 2019)
(283,980 observations deleted)
The current inc_level is: 8
The inc_level 8 has a lower and an upper level
variables born as string: 
inc_decoded1  inc_decoded2
inc_decoded1: character space removed; replaced as long
inc_decoded2: character space removed; replaced as long
Lower bound of acs_hhinc_lb and upper bound of acs_hhinc_ub created for inc_leve
> l 8of the original Research dataset income range
(0 observations deleted)
(note: file /var/folders/p5/4pbm3kvx22d9qc1mqdft2symrmksfh/T//S_19315.00000q not
>  found)
file /var/folders/p5/4pbm3kvx22d9qc1mqdft2symrmksfh/T//S_19315.00000q saved
Saved tempfile with upper and lower bounds of research data income levels
(Streamlined CPS ASEC data, CA 2019)
Reference data open - Income type set as acs_hhinc income
(5,769 observations deleted)
Observation number generated
(note: file /var/folders/p5/4pbm3kvx22d9qc1mqdft2symrmksfh/T//S_19315.00000r not
>  found)
file /var/folders/p5/4pbm3kvx22d9qc1mqdft2symrmksfh/T//S_19315.00000r saved
Ref to keep income between $150000 and $200000 for 2019 year.
number of observations (_N) was 0, now 26,451

    Result                           # of obs.
    -----------------------------------------
    not matched                             0
    matched                            26,451  
    -----------------------------------------
file /var/folders/p5/4pbm3kvx22d9qc1mqdft2symrmksfh/T//S_19315.00000r saved
(label statefip_lbl already defined)

    Result                           # of obs.
    -----------------------------------------
    not matched                             0

    matched                             3,935
        not updated                     3,935  (_merge==3)
        missing updated                     0  (_merge==4)
        nonmissing conflict                 0  (_merge==5)
    -----------------------------------------
Merged ASEC values with original Research dataset for inc_level 8 ($150000-20000
> 0) and year 2019.
(3,935 missing values generated)
(3,935 real changes made)
(note: file /var/folders/p5/4pbm3kvx22d9qc1mqdft2symrmksfh/T//S_19315.00000s not
>  found)
file /var/folders/p5/4pbm3kvx22d9qc1mqdft2symrmksfh/T//S_19315.00000s saved
Saved REDI data (with continuous data) for inc_level 8 ($150000-200000) and year
>  2019 in file
(Streamlined ACS data, 2019)
(279,984 observations deleted)
The current inc_level is: 9
The inc_level 9 is at the highest end of the original Research dataset income ra
> nge
inc_decoded: characters space o e r m removed; acs_hhinc_lb generated as long
Upper bound of 999999 created for inc_level 9
(0 observations deleted)
(note: file /var/folders/p5/4pbm3kvx22d9qc1mqdft2symrmksfh/T//S_19315.00000t not
>  found)
file /var/folders/p5/4pbm3kvx22d9qc1mqdft2symrmksfh/T//S_19315.00000t saved
Saved tempfile with upper and lower bounds of research data income levels
(Streamlined CPS ASEC data, CA 2019)
Reference data open - Income type set as acs_hhinc income
(5,528 observations deleted)
Observation number generated
(note: file /var/folders/p5/4pbm3kvx22d9qc1mqdft2symrmksfh/T//S_19315.00000u not
>  found)
file /var/folders/p5/4pbm3kvx22d9qc1mqdft2symrmksfh/T//S_19315.00000u saved
Ref to keep income between $200000 and $999999 for 2019 year.
number of observations (_N) was 0, now 30,447

    Result                           # of obs.
    -----------------------------------------
    not matched                             0
    matched                            30,447  
    -----------------------------------------
file /var/folders/p5/4pbm3kvx22d9qc1mqdft2symrmksfh/T//S_19315.00000u saved
(label statefip_lbl already defined)

    Result                           # of obs.
    -----------------------------------------
    not matched                             0

    matched                             5,456
        not updated                     5,456  (_merge==3)
        missing updated                     0  (_merge==4)
        nonmissing conflict                 0  (_merge==5)
    -----------------------------------------
Merged ASEC values with original Research dataset for inc_level 9 ($200000-99999
> 9) and year 2019.
(5,456 missing values generated)
(5,456 real changes made)
(note: file /var/folders/p5/4pbm3kvx22d9qc1mqdft2symrmksfh/T//S_19315.00000v not
>  found)
file /var/folders/p5/4pbm3kvx22d9qc1mqdft2symrmksfh/T//S_19315.00000v saved
Saved REDI data (with continuous data) for inc_level 9 ($200000-999999) and year
>  2019 in file
(note: variable acs_hhinc_ub was int, now float to accommodate using data's
       values)
(label _merge already defined)
(label cat_inc already defined)
(label year_lbl already defined)
(label statefip_lbl already defined)
(label ownershp_lbl already defined)
(label sex_lbl already defined)
(label race_lbl already defined)
(label marst_lbl already defined)
(label hispan_lbl already defined)
(label labforce_lbl already defined)
(label educ_lbl already defined)
(label diffmob_lbl already defined)
(label migrate1_lbl already defined)
(label health_lbl already defined)
(label _merge already defined)
(label cat_inc already defined)
(label year_lbl already defined)
(label statefip_lbl already defined)
(label ownershp_lbl already defined)
(label sex_lbl already defined)
(label race_lbl already defined)
(label marst_lbl already defined)
(label hispan_lbl already defined)
(label labforce_lbl already defined)
(label educ_lbl already defined)
(label diffmob_lbl already defined)
(label migrate1_lbl already defined)
(label health_lbl already defined)
(label _merge already defined)
(label cat_inc already defined)
(label year_lbl already defined)
(label statefip_lbl already defined)
(label ownershp_lbl already defined)
(label sex_lbl already defined)
(label race_lbl already defined)
(label marst_lbl already defined)
(label hispan_lbl already defined)
(label labforce_lbl already defined)
(label educ_lbl already defined)
(label diffmob_lbl already defined)
(label migrate1_lbl already defined)
(label health_lbl already defined)
(label _merge already defined)
(label cat_inc already defined)
(label year_lbl already defined)
(label statefip_lbl already defined)
(label ownershp_lbl already defined)
(label sex_lbl already defined)
(label race_lbl already defined)
(label marst_lbl already defined)
(label hispan_lbl already defined)
(label labforce_lbl already defined)
(label educ_lbl already defined)
(label diffmob_lbl already defined)
(label migrate1_lbl already defined)
(label health_lbl already defined)
(label _merge already defined)
(label cat_inc already defined)
(label year_lbl already defined)
(label statefip_lbl already defined)
(label ownershp_lbl already defined)
(label sex_lbl already defined)
(label race_lbl already defined)
(label marst_lbl already defined)
(label hispan_lbl already defined)
(label labforce_lbl already defined)
(label educ_lbl already defined)
(label diffmob_lbl already defined)
(label migrate1_lbl already defined)
(label health_lbl already defined)
(label _merge already defined)
(label cat_inc already defined)
(label year_lbl already defined)
(label statefip_lbl already defined)
(label ownershp_lbl already defined)
(label sex_lbl already defined)
(label race_lbl already defined)
(label marst_lbl already defined)
(label hispan_lbl already defined)
(label labforce_lbl already defined)
(label educ_lbl already defined)
(label diffmob_lbl already defined)
(label migrate1_lbl already defined)
(label health_lbl already defined)
(label _merge already defined)
(label cat_inc already defined)
(label year_lbl already defined)
(label statefip_lbl already defined)
(label ownershp_lbl already defined)
(label sex_lbl already defined)
(label race_lbl already defined)
(label marst_lbl already defined)
(label hispan_lbl already defined)
(label labforce_lbl already defined)
(label educ_lbl already defined)
(label diffmob_lbl already defined)
(label migrate1_lbl already defined)
(label health_lbl already defined)
(note: variable acs_hhinc_lb was float, now double to accommodate using data's
       values)
(label _merge already defined)
(label cat_inc already defined)
(label year_lbl already defined)
(label statefip_lbl already defined)
(label ownershp_lbl already defined)
(label sex_lbl already defined)
(label race_lbl already defined)
(label marst_lbl already defined)
(label hispan_lbl already defined)
(label labforce_lbl already defined)
(label educ_lbl already defined)
(label diffmob_lbl already defined)
(label migrate1_lbl already defined)
(label health_lbl already defined)
(note: file /var/folders/p5/4pbm3kvx22d9qc1mqdft2symrmksfh/T//S_19315.00000w not
>  found)
file /var/folders/p5/4pbm3kvx22d9qc1mqdft2symrmksfh/T//S_19315.00000w saved
Saved new tempfile for year 2019 for all REDI  income levels.
Appended all years 
INFLATE: Inflation year is 1997

    Result                           # of obs.
    -----------------------------------------
    not matched                            42
        from master                         0  (_merge==1)
        from using                         42  (_merge==2)

    matched                            34,610  (_merge==3)
    -----------------------------------------
(42 missing values generated)

. 
. *redi inc_research_dataset year, gen(newvarname) inflation
. *if inflation is not specified, it will be 0, so then
. 
. * want to look something like:
. * redi inc_var(acs_hhinc) year(year), newvar = ca_redi_inc19 inflate(2020)
. * or simply:
. * redi acs_hhinc year, ca_redi_inc19 2020.
. 
. ***--------------------------***
. 
. capture log close redi_to_run_program
